<?xml version="1.0" encoding="UTF-8"?>
<coverage generated="1489066595">
  <project timestamp="1489066595">
    <package name="Biz\Common">
      <file name="/var/www/zstu_xyb/src/Biz/Common/ArrayToolkit.php">
        <class name="ArrayToolkit" namespace="Biz\Common">
          <metrics methods="13" coveredmethods="0" conditionals="0" coveredconditionals="0" statements="106" coveredstatements="6" elements="119" coveredelements="6"/>
        </class>
        <line num="6" type="method" name="get" crap="6" count="0"/>
        <line num="8" type="stmt" count="0"/>
        <line num="9" type="stmt" count="0"/>
        <line num="11" type="stmt" count="0"/>
        <line num="15" type="method" name="column" crap="20" count="0"/>
        <line num="17" type="stmt" count="0"/>
        <line num="18" type="stmt" count="0"/>
        <line num="21" type="stmt" count="0"/>
        <line num="23" type="stmt" count="0"/>
        <line num="24" type="stmt" count="0"/>
        <line num="25" type="stmt" count="0"/>
        <line num="26" type="stmt" count="0"/>
        <line num="27" type="stmt" count="0"/>
        <line num="29" type="stmt" count="0"/>
        <line num="32" type="method" name="parts" crap="12" count="0"/>
        <line num="34" type="stmt" count="0"/>
        <line num="35" type="stmt" count="0"/>
        <line num="36" type="stmt" count="0"/>
        <line num="37" type="stmt" count="0"/>
        <line num="38" type="stmt" count="0"/>
        <line num="40" type="stmt" count="0"/>
        <line num="43" type="method" name="requireds" crap="7.14" count="28"/>
        <line num="45" type="stmt" count="28"/>
        <line num="46" type="stmt" count="28"/>
        <line num="47" type="stmt" count="2"/>
        <line num="49" type="stmt" count="28"/>
        <line num="50" type="stmt" count="0"/>
        <line num="52" type="stmt" count="28"/>
        <line num="54" type="stmt" count="28"/>
        <line num="57" type="method" name="changes" crap="20" count="0"/>
        <line num="59" type="stmt" count="0"/>
        <line num="61" type="stmt" count="0"/>
        <line num="62" type="stmt" count="0"/>
        <line num="63" type="stmt" count="0"/>
        <line num="66" type="stmt" count="0"/>
        <line num="67" type="stmt" count="0"/>
        <line num="68" type="stmt" count="0"/>
        <line num="69" type="stmt" count="0"/>
        <line num="70" type="stmt" count="0"/>
        <line num="72" type="stmt" count="0"/>
        <line num="75" type="method" name="group" crap="12" count="0"/>
        <line num="77" type="stmt" count="0"/>
        <line num="79" type="stmt" count="0"/>
        <line num="80" type="stmt" count="0"/>
        <line num="81" type="stmt" count="0"/>
        <line num="82" type="stmt" count="0"/>
        <line num="84" type="stmt" count="0"/>
        <line num="85" type="stmt" count="0"/>
        <line num="87" type="stmt" count="0"/>
        <line num="90" type="method" name="index" crap="20" count="0"/>
        <line num="92" type="stmt" count="0"/>
        <line num="94" type="stmt" count="0"/>
        <line num="95" type="stmt" count="0"/>
        <line num="98" type="stmt" count="0"/>
        <line num="99" type="stmt" count="0"/>
        <line num="100" type="stmt" count="0"/>
        <line num="101" type="stmt" count="0"/>
        <line num="103" type="stmt" count="0"/>
        <line num="105" type="stmt" count="0"/>
        <line num="108" type="method" name="rename" crap="12" count="0"/>
        <line num="110" type="stmt" count="0"/>
        <line num="112" type="stmt" count="0"/>
        <line num="113" type="stmt" count="0"/>
        <line num="114" type="stmt" count="0"/>
        <line num="115" type="stmt" count="0"/>
        <line num="116" type="stmt" count="0"/>
        <line num="117" type="stmt" count="0"/>
        <line num="119" type="stmt" count="0"/>
        <line num="122" type="method" name="filter" crap="72" count="0"/>
        <line num="124" type="stmt" count="0"/>
        <line num="126" type="stmt" count="0"/>
        <line num="127" type="stmt" count="0"/>
        <line num="128" type="stmt" count="0"/>
        <line num="131" type="stmt" count="0"/>
        <line num="132" type="stmt" count="0"/>
        <line num="133" type="stmt" count="0"/>
        <line num="134" type="stmt" count="0"/>
        <line num="135" type="stmt" count="0"/>
        <line num="136" type="stmt" count="0"/>
        <line num="137" type="stmt" count="0"/>
        <line num="138" type="stmt" count="0"/>
        <line num="139" type="stmt" count="0"/>
        <line num="140" type="stmt" count="0"/>
        <line num="143" type="stmt" count="0"/>
        <line num="144" type="stmt" count="0"/>
        <line num="145" type="stmt" count="0"/>
        <line num="146" type="stmt" count="0"/>
        <line num="148" type="stmt" count="0"/>
        <line num="151" type="method" name="trim" crap="30" count="0"/>
        <line num="153" type="stmt" count="0"/>
        <line num="154" type="stmt" count="0"/>
        <line num="157" type="stmt" count="0"/>
        <line num="158" type="stmt" count="0"/>
        <line num="159" type="stmt" count="0"/>
        <line num="160" type="stmt" count="0"/>
        <line num="161" type="stmt" count="0"/>
        <line num="162" type="stmt" count="0"/>
        <line num="163" type="stmt" count="0"/>
        <line num="165" type="stmt" count="0"/>
        <line num="168" type="method" name="every" crap="42" count="0"/>
        <line num="170" type="stmt" count="0"/>
        <line num="171" type="stmt" count="0"/>
        <line num="172" type="stmt" count="0"/>
        <line num="174" type="stmt" count="0"/>
        <line num="175" type="stmt" count="0"/>
        <line num="178" type="method" name="some" crap="42" count="0"/>
        <line num="180" type="stmt" count="0"/>
        <line num="181" type="stmt" count="0"/>
        <line num="182" type="stmt" count="0"/>
        <line num="184" type="stmt" count="0"/>
        <line num="185" type="stmt" count="0"/>
        <line num="188" type="method" name="thin" crap="12" count="0"/>
        <line num="190" type="stmt" count="0"/>
        <line num="191" type="stmt" count="0"/>
        <line num="192" type="stmt" count="0"/>
        <line num="193" type="stmt" count="0"/>
        <line num="194" type="stmt" count="0"/>
        <line num="195" type="stmt" count="0"/>
        <line num="197" type="stmt" count="0"/>
        <metrics loc="199" ncloc="199" classes="1" methods="13" coveredmethods="0" conditionals="0" coveredconditionals="0" statements="106" coveredstatements="6" elements="119" coveredelements="6"/>
      </file>
      <file name="/var/www/zstu_xyb/src/Biz/Common/BaseService.php">
        <class name="BaseService" namespace="Biz\Common">
          <metrics methods="4" coveredmethods="2" conditionals="0" coveredconditionals="0" statements="8" coveredstatements="5" elements="12" coveredelements="7"/>
        </class>
        <line num="12" type="method" name="getDispatcher" crap="2" count="0"/>
        <line num="14" type="stmt" count="0"/>
        <line num="17" type="method" name="dispatchEvent" crap="2" count="0"/>
        <line num="19" type="stmt" count="0"/>
        <line num="21" type="stmt" count="0"/>
        <line num="24" type="method" name="getCurrentUser" crap="1" count="11"/>
        <line num="26" type="stmt" count="11"/>
        <line num="29" type="method" name="getLock" crap="2" count="3"/>
        <line num="31" type="stmt" count="3"/>
        <line num="32" type="stmt" count="1"/>
        <line num="33" type="stmt" count="1"/>
        <line num="35" type="stmt" count="3"/>
        <metrics loc="37" ncloc="37" classes="1" methods="4" coveredmethods="2" conditionals="0" coveredconditionals="0" statements="8" coveredstatements="5" elements="12" coveredelements="7"/>
      </file>
      <file name="/var/www/zstu_xyb/src/Biz/Common/BaseTestCase.php">
        <class name="BaseTestCase" namespace="Biz\Common">
          <metrics methods="7" coveredmethods="3" conditionals="0" coveredconditionals="0" statements="41" coveredstatements="15" elements="48" coveredelements="18"/>
        </class>
        <line num="10" type="method" name="removeEvent" crap="6" count="0"/>
        <line num="12" type="stmt" count="0"/>
        <line num="13" type="stmt" count="0"/>
        <line num="14" type="stmt" count="0"/>
        <line num="15" type="stmt" count="0"/>
        <line num="16" type="stmt" count="0"/>
        <line num="17" type="stmt" count="0"/>
        <line num="19" type="method" name="setUp" crap="1" count="28"/>
        <line num="21" type="stmt" count="28"/>
        <line num="22" type="stmt" count="28"/>
        <line num="23" type="stmt" count="28"/>
        <line num="25" type="method" name="initUser" crap="1" count="28"/>
        <line num="27" type="stmt" count="28"/>
        <line num="29" type="stmt" count="28"/>
        <line num="31" type="stmt" count="28"/>
        <line num="32" type="stmt" count="28"/>
        <line num="34" type="method" name="createUser" crap="1" count="28"/>
        <line num="37" type="stmt" count="28"/>
        <line num="38" type="stmt" count="28"/>
        <line num="39" type="stmt" count="28"/>
        <line num="40" type="stmt" count="28"/>
        <line num="41" type="stmt" count="28"/>
        <line num="42" type="stmt" count="28"/>
        <line num="43" type="stmt" count="28"/>
        <line num="44" type="stmt" count="28"/>
        <line num="47" type="method" name="getUserService" crap="2" count="0"/>
        <line num="49" type="stmt" count="0"/>
        <line num="56" type="method" name="mockService" crap="20" count="0"/>
        <line num="58" type="stmt" count="0"/>
        <line num="60" type="stmt" count="0"/>
        <line num="61" type="stmt" count="0"/>
        <line num="62" type="stmt" count="0"/>
        <line num="63" type="stmt" count="0"/>
        <line num="64" type="stmt" count="0"/>
        <line num="65" type="stmt" count="0"/>
        <line num="66" type="stmt" count="0"/>
        <line num="68" type="stmt" count="0"/>
        <line num="69" type="stmt" count="0"/>
        <line num="70" type="stmt" count="0"/>
        <line num="72" type="stmt" count="0"/>
        <line num="73" type="stmt" count="0"/>
        <line num="75" type="stmt" count="0"/>
        <line num="77" type="method" name="anonymous function" crap="6" count="0"/>
        <line num="78" type="stmt" count="0"/>
        <line num="79" type="stmt" count="0"/>
        <line num="80" type="stmt" count="0"/>
        <line num="82" type="stmt" count="0"/>
        <line num="84" type="stmt" count="0"/>
        <line num="86" type="stmt" count="0"/>
        <metrics loc="87" ncloc="83" classes="1" methods="7" coveredmethods="3" conditionals="0" coveredconditionals="0" statements="42" coveredstatements="15" elements="49" coveredelements="18"/>
      </file>
      <file name="/var/www/zstu_xyb/src/Biz/Common/Lock.php">
        <class name="Lock" namespace="Biz\Common">
          <metrics methods="3" coveredmethods="3" conditionals="0" coveredconditionals="0" statements="6" coveredstatements="6" elements="9" coveredelements="9"/>
        </class>
        <line num="10" type="method" name="__construct" crap="1" count="1"/>
        <line num="12" type="stmt" count="1"/>
        <line num="13" type="stmt" count="1"/>
        <line num="15" type="method" name="get" crap="1" count="3"/>
        <line num="17" type="stmt" count="3"/>
        <line num="18" type="stmt" count="3"/>
        <line num="21" type="method" name="release" crap="1" count="3"/>
        <line num="23" type="stmt" count="3"/>
        <line num="24" type="stmt" count="3"/>
        <metrics loc="26" ncloc="26" classes="1" methods="3" coveredmethods="3" conditionals="0" coveredconditionals="0" statements="6" coveredstatements="6" elements="9" coveredelements="9"/>
      </file>
      <file name="/var/www/zstu_xyb/src/Biz/Common/SimpleValidator.php">
        <class name="SimpleValidator" namespace="Biz\Common">
          <metrics methods="16" coveredmethods="2" conditionals="0" coveredconditionals="0" statements="34" coveredstatements="12" elements="50" coveredelements="14"/>
        </class>
        <line num="10" type="method" name="email" crap="1" count="28"/>
        <line num="12" type="stmt" count="28"/>
        <line num="13" type="stmt" count="28"/>
        <line num="14" type="stmt" count="28"/>
        <line num="17" type="method" name="nickname" crap="4.02" count="28"/>
        <line num="19" type="stmt" count="28"/>
        <line num="20" type="stmt" count="28"/>
        <line num="22" type="stmt" count="28"/>
        <line num="24" type="stmt" count="28"/>
        <line num="26" type="stmt" count="28"/>
        <line num="27" type="stmt" count="1"/>
        <line num="30" type="stmt" count="28"/>
        <line num="31" type="stmt" count="0"/>
        <line num="34" type="stmt" count="28"/>
        <line num="37" type="method" name="password" crap="2" count="0"/>
        <line num="39" type="stmt" count="0"/>
        <line num="43" type="method" name="truename" crap="20" count="0"/>
        <line num="45" type="stmt" count="0"/>
        <line num="46" type="stmt" count="0"/>
        <line num="48" type="stmt" count="0"/>
        <line num="50" type="stmt" count="0"/>
        <line num="52" type="stmt" count="0"/>
        <line num="53" type="stmt" count="0"/>
        <line num="56" type="stmt" count="0"/>
        <line num="57" type="stmt" count="0"/>
        <line num="60" type="stmt" count="0"/>
        <line num="63" type="method" name="idcard" crap="2" count="0"/>
        <line num="65" type="stmt" count="0"/>
        <line num="68" type="method" name="bankCardId" crap="2" count="0"/>
        <line num="70" type="stmt" count="0"/>
        <line num="73" type="method" name="mobile" crap="1" count="1"/>
        <line num="75" type="stmt" count="1"/>
        <line num="78" type="method" name="numbers" crap="2" count="0"/>
        <line num="80" type="stmt" count="0"/>
        <line num="83" type="method" name="phone" crap="2" count="0"/>
        <line num="85" type="stmt" count="0"/>
        <line num="88" type="method" name="date" crap="2" count="0"/>
        <line num="90" type="stmt" count="0"/>
        <line num="93" type="method" name="qq" crap="2" count="0"/>
        <line num="95" type="stmt" count="0"/>
        <line num="98" type="method" name="integer" crap="2" count="0"/>
        <line num="100" type="stmt" count="0"/>
        <line num="103" type="method" name="float" crap="2" count="0"/>
        <line num="105" type="stmt" count="0"/>
        <line num="108" type="method" name="dateTime" crap="2" count="0"/>
        <line num="110" type="stmt" count="0"/>
        <line num="113" type="method" name="site" crap="2" count="0"/>
        <line num="115" type="stmt" count="0"/>
        <line num="118" type="method" name="chineseAndAlphanumeric" crap="2" count="0"/>
        <line num="120" type="stmt" count="0"/>
        <metrics loc="122" ncloc="117" classes="1" methods="16" coveredmethods="2" conditionals="0" coveredconditionals="0" statements="34" coveredstatements="12" elements="50" coveredelements="14"/>
      </file>
      <file name="/var/www/zstu_xyb/src/Biz/Common/Validate.php">
        <class name="Validate" namespace="Biz\Common">
          <metrics methods="1" coveredmethods="0" conditionals="0" coveredconditionals="0" statements="6" coveredstatements="0" elements="7" coveredelements="0"/>
        </class>
        <line num="9" type="method" name="ipValidate" crap="6" count="0"/>
        <line num="10" type="stmt" count="0"/>
        <line num="11" type="stmt" count="0"/>
        <line num="12" type="stmt" count="0"/>
        <line num="13" type="stmt" count="0"/>
        <line num="14" type="stmt" count="0"/>
        <line num="15" type="stmt" count="0"/>
        <metrics loc="16" ncloc="16" classes="1" methods="1" coveredmethods="0" conditionals="0" coveredconditionals="0" statements="6" coveredstatements="0" elements="7" coveredelements="0"/>
      </file>
    </package>
    <package name="Biz\Common\Exception">
      <file name="/var/www/zstu_xyb/src/Biz/Common/Exception/AccessDeniedException.php">
        <class name="AccessDeniedException" namespace="Biz\Common\Exception">
          <metrics methods="1" coveredmethods="1" conditionals="0" coveredconditionals="0" statements="2" coveredstatements="2" elements="3" coveredelements="3"/>
        </class>
        <line num="6" type="method" name="__construct" crap="1" count="1"/>
        <line num="8" type="stmt" count="1"/>
        <line num="9" type="stmt" count="1"/>
        <metrics loc="10" ncloc="10" classes="1" methods="1" coveredmethods="1" conditionals="0" coveredconditionals="0" statements="2" coveredstatements="2" elements="3" coveredelements="3"/>
      </file>
      <file name="/var/www/zstu_xyb/src/Biz/Common/Exception/BaseException.php">
        <class name="BaseException" namespace="Biz\Common\Exception">
          <metrics methods="1" coveredmethods="1" conditionals="0" coveredconditionals="0" statements="2" coveredstatements="2" elements="3" coveredelements="3"/>
        </class>
        <line num="8" type="method" name="__construct" crap="1" count="15"/>
        <line num="10" type="stmt" count="15"/>
        <line num="11" type="stmt" count="15"/>
        <metrics loc="12" ncloc="12" classes="1" methods="1" coveredmethods="1" conditionals="0" coveredconditionals="0" statements="2" coveredstatements="2" elements="3" coveredelements="3"/>
      </file>
      <file name="/var/www/zstu_xyb/src/Biz/Common/Exception/InvalidArgumentException.php">
        <class name="InvalidArgumentException" namespace="Biz\Common\Exception">
          <metrics methods="1" coveredmethods="1" conditionals="0" coveredconditionals="0" statements="2" coveredstatements="2" elements="3" coveredelements="3"/>
        </class>
        <line num="6" type="method" name="__construct" crap="1" count="2"/>
        <line num="8" type="stmt" count="2"/>
        <line num="9" type="stmt" count="2"/>
        <metrics loc="10" ncloc="10" classes="1" methods="1" coveredmethods="1" conditionals="0" coveredconditionals="0" statements="2" coveredstatements="2" elements="3" coveredelements="3"/>
      </file>
      <file name="/var/www/zstu_xyb/src/Biz/Common/Exception/ResourceNotFoundException.php">
        <class name="ResourceNotFoundException" namespace="Biz\Common\Exception">
          <metrics methods="3" coveredmethods="1" conditionals="0" coveredconditionals="0" statements="6" coveredstatements="4" elements="9" coveredelements="5"/>
        </class>
        <line num="10" type="method" name="__construct" crap="1" count="1"/>
        <line num="12" type="stmt" count="1"/>
        <line num="14" type="stmt" count="1"/>
        <line num="15" type="stmt" count="1"/>
        <line num="16" type="stmt" count="1"/>
        <line num="18" type="method" name="getResourceType" crap="2" count="0"/>
        <line num="20" type="stmt" count="0"/>
        <line num="23" type="method" name="getResourceId" crap="2" count="0"/>
        <line num="25" type="stmt" count="0"/>
        <metrics loc="27" ncloc="27" classes="1" methods="3" coveredmethods="1" conditionals="0" coveredconditionals="0" statements="6" coveredstatements="4" elements="9" coveredelements="5"/>
      </file>
      <file name="/var/www/zstu_xyb/src/Biz/Common/Exception/RuntimeException.php">
        <class name="RuntimeException" namespace="Biz\Common\Exception">
          <metrics methods="1" coveredmethods="0" conditionals="0" coveredconditionals="0" statements="3" coveredstatements="0" elements="4" coveredelements="0"/>
        </class>
        <line num="6" type="method" name="__construct" crap="2" count="0"/>
        <line num="7" type="stmt" count="0"/>
        <line num="8" type="stmt" count="0"/>
        <line num="9" type="stmt" count="0"/>
        <metrics loc="10" ncloc="10" classes="1" methods="1" coveredmethods="0" conditionals="0" coveredconditionals="0" statements="3" coveredstatements="0" elements="4" coveredelements="0"/>
      </file>
      <file name="/var/www/zstu_xyb/src/Biz/Common/Exception/UnexpectedValueException.php">
        <class name="UnexpectedValueException" namespace="Biz\Common\Exception">
          <metrics methods="1" coveredmethods="1" conditionals="0" coveredconditionals="0" statements="2" coveredstatements="2" elements="3" coveredelements="3"/>
        </class>
        <line num="6" type="method" name="__construct" crap="1" count="11"/>
        <line num="8" type="stmt" count="11"/>
        <line num="9" type="stmt" count="11"/>
        <metrics loc="10" ncloc="10" classes="1" methods="1" coveredmethods="1" conditionals="0" coveredconditionals="0" statements="2" coveredstatements="2" elements="3" coveredelements="3"/>
      </file>
    </package>
    <file name="/var/www/zstu_xyb/src/Biz/Express/Dao/ExpressDao.php">
      <metrics loc="9" ncloc="9" classes="0" methods="0" coveredmethods="0" conditionals="0" coveredconditionals="0" statements="0" coveredstatements="0" elements="0" coveredelements="0"/>
    </file>
    <package name="Biz\Express\Dao\Impl">
      <file name="/var/www/zstu_xyb/src/Biz/Express/Dao/Impl/ExpressDaoImpl.php">
        <class name="ExpressDaoImpl" namespace="Biz\Express\Dao\Impl">
          <metrics methods="1" coveredmethods="1" conditionals="0" coveredconditionals="0" statements="7" coveredstatements="7" elements="8" coveredelements="8"/>
        </class>
        <line num="12" type="method" name="declares" crap="1" count="9"/>
        <line num="15" type="stmt" count="9"/>
        <line num="16" type="stmt" count="9"/>
        <line num="17" type="stmt" count="9"/>
        <line num="19" type="stmt" count="9"/>
        <line num="20" type="stmt" count="9"/>
        <line num="22" type="stmt" count="9"/>
        <line num="23" type="stmt" count="9"/>
        <metrics loc="25" ncloc="25" classes="1" methods="1" coveredmethods="1" conditionals="0" coveredconditionals="0" statements="7" coveredstatements="7" elements="8" coveredelements="8"/>
      </file>
    </package>
    <file name="/var/www/zstu_xyb/src/Biz/Express/Service/ExpressService.php">
      <metrics loc="24" ncloc="24" classes="0" methods="0" coveredmethods="0" conditionals="0" coveredconditionals="0" statements="0" coveredstatements="0" elements="0" coveredelements="0"/>
    </file>
    <package name="Biz\Express\Service\Impl">
      <file name="/var/www/zstu_xyb/src/Biz/Express/Service/Impl/ExpressServiceImpl.php">
        <class name="ExpressServiceImpl" namespace="Biz\Express\Service\Impl">
          <metrics methods="11" coveredmethods="8" conditionals="0" coveredconditionals="0" statements="46" coveredstatements="40" elements="57" coveredelements="48"/>
        </class>
        <line num="19" type="method" name="getExpress" crap="1" count="8"/>
        <line num="21" type="stmt" count="8"/>
        <line num="24" type="method" name="searchExpress" crap="1" count="10"/>
        <line num="26" type="stmt" count="10"/>
        <line num="29" type="method" name="searchExpressCount" crap="1" count="1"/>
        <line num="31" type="stmt" count="1"/>
        <line num="32" type="stmt" count="1"/>
        <line num="34" type="method" name="createExpress" crap="3" count="11"/>
        <line num="36" type="stmt" count="11"/>
        <line num="37" type="stmt" count="1"/>
        <line num="40" type="stmt" count="10"/>
        <line num="42" type="stmt" count="10"/>
        <line num="43" type="stmt" count="1"/>
        <line num="46" type="stmt" count="9"/>
        <line num="48" type="stmt" count="9"/>
        <line num="51" type="method" name="orderExpress" crap="2" count="6"/>
        <line num="53" type="stmt" count="6"/>
        <line num="55" type="stmt" count="4"/>
        <line num="57" type="stmt" count="4"/>
        <line num="58" type="stmt" count="1"/>
        <line num="61" type="stmt" count="3"/>
        <line num="62" type="stmt" count="3"/>
        <line num="63" type="stmt" count="3"/>
        <line num="65" type="stmt" count="3"/>
        <line num="67" type="stmt" count="3"/>
        <line num="69" type="stmt" count="3"/>
        <line num="72" type="method" name="updateExpress" crap="1" count="3"/>
        <line num="74" type="stmt" count="3"/>
        <line num="76" type="stmt" count="3"/>
        <line num="79" type="method" name="deleteExpress" crap="2" count="0"/>
        <line num="81" type="stmt" count="0"/>
        <line num="83" type="stmt" count="0"/>
        <line num="86" type="method" name="confirmMyPublishExpress" crap="3.71" count="1"/>
        <line num="88" type="stmt" count="1"/>
        <line num="89" type="stmt" count="1"/>
        <line num="91" type="stmt" count="1"/>
        <line num="92" type="stmt" count="1"/>
        <line num="95" type="stmt" count="0"/>
        <line num="96" type="stmt" count="0"/>
        <line num="99" type="stmt" count="0"/>
        <line num="102" type="method" name="confirmMyReceiveExpress" crap="3.03" count="4"/>
        <line num="104" type="stmt" count="4"/>
        <line num="105" type="stmt" count="4"/>
        <line num="107" type="stmt" count="4"/>
        <line num="108" type="stmt" count="3"/>
        <line num="111" type="stmt" count="1"/>
        <line num="112" type="stmt" count="0"/>
        <line num="115" type="stmt" count="1"/>
        <line num="118" type="method" name="checkExpressById" crap="3" count="6"/>
        <line num="120" type="stmt" count="6"/>
        <line num="122" type="stmt" count="6"/>
        <line num="123" type="stmt" count="1"/>
        <line num="126" type="stmt" count="5"/>
        <line num="127" type="stmt" count="1"/>
        <line num="130" type="stmt" count="4"/>
        <line num="133" type="method" name="getExpressDao" crap="1" count="10"/>
        <line num="135" type="stmt" count="10"/>
        <metrics loc="137" ncloc="137" classes="1" methods="11" coveredmethods="8" conditionals="0" coveredconditionals="0" statements="46" coveredstatements="40" elements="57" coveredelements="48"/>
      </file>
    </package>
    <package name="Biz\User\Dao\Impl">
      <file name="/var/www/zstu_xyb/src/Biz/User/Dao/Impl/UserDaoImpl.php">
        <class name="UserDaoImpl" namespace="Biz\User\Dao\Impl">
          <metrics methods="4" coveredmethods="3" conditionals="0" coveredconditionals="0" statements="10" coveredstatements="9" elements="14" coveredelements="12"/>
        </class>
        <line num="12" type="method" name="declares" crap="1" count="28"/>
        <line num="15" type="stmt" count="28"/>
        <line num="16" type="stmt" count="28"/>
        <line num="17" type="stmt" count="28"/>
        <line num="19" type="stmt" count="28"/>
        <line num="20" type="stmt" count="28"/>
        <line num="22" type="stmt" count="28"/>
        <line num="23" type="stmt" count="28"/>
        <line num="26" type="method" name="getByUsername" crap="1" count="28"/>
        <line num="28" type="stmt" count="28"/>
        <line num="31" type="method" name="getByEmail" crap="1" count="28"/>
        <line num="33" type="stmt" count="28"/>
        <line num="36" type="method" name="getByMobile" crap="2" count="0"/>
        <line num="38" type="stmt" count="0"/>
        <metrics loc="40" ncloc="40" classes="1" methods="4" coveredmethods="3" conditionals="0" coveredconditionals="0" statements="10" coveredstatements="9" elements="14" coveredelements="12"/>
      </file>
      <file name="/var/www/zstu_xyb/src/Biz/User/Dao/Impl/UserTokenDaoImpl.php">
        <class name="UserTokenDaoImpl" namespace="Biz\User\Dao\Impl">
          <metrics methods="3" coveredmethods="3" conditionals="0" coveredconditionals="0" statements="8" coveredstatements="8" elements="11" coveredelements="11"/>
        </class>
        <line num="12" type="method" name="declares" crap="1" count="3"/>
        <line num="15" type="stmt" count="3"/>
        <line num="16" type="stmt" count="3"/>
        <line num="17" type="stmt" count="3"/>
        <line num="19" type="stmt" count="3"/>
        <line num="21" type="stmt" count="3"/>
        <line num="22" type="stmt" count="3"/>
        <line num="25" type="method" name="getByToken" crap="1" count="2"/>
        <line num="27" type="stmt" count="2"/>
        <line num="30" type="method" name="findByUserIdAndType" crap="1" count="3"/>
        <line num="32" type="stmt" count="3"/>
        <metrics loc="34" ncloc="34" classes="1" methods="3" coveredmethods="3" conditionals="0" coveredconditionals="0" statements="8" coveredstatements="8" elements="11" coveredelements="11"/>
      </file>
    </package>
    <file name="/var/www/zstu_xyb/src/Biz/User/Dao/UserDao.php">
      <metrics loc="14" ncloc="14" classes="0" methods="0" coveredmethods="0" conditionals="0" coveredconditionals="0" statements="0" coveredstatements="0" elements="0" coveredelements="0"/>
    </file>
    <file name="/var/www/zstu_xyb/src/Biz/User/Dao/UserTokenDao.php">
      <metrics loc="12" ncloc="12" classes="0" methods="0" coveredmethods="0" conditionals="0" coveredconditionals="0" statements="0" coveredstatements="0" elements="0" coveredelements="0"/>
    </file>
    <package name="Biz\User\Service\Impl">
      <file name="/var/www/zstu_xyb/src/Biz/User/Service/Impl/UserServiceImpl.php">
        <class name="UserServiceImpl" namespace="Biz\User\Service\Impl">
          <metrics methods="20" coveredmethods="10" conditionals="0" coveredconditionals="0" statements="94" coveredstatements="76" elements="114" coveredelements="86"/>
        </class>
        <line num="20" type="method" name="getUser" crap="1" count="2"/>
        <line num="22" type="stmt" count="2"/>
        <line num="25" type="method" name="getUserByUsername" crap="1" count="1"/>
        <line num="26" type="stmt" count="1"/>
        <line num="27" type="stmt" count="1"/>
        <line num="30" type="method" name="searchUsers" crap="1" count="1"/>
        <line num="32" type="stmt" count="1"/>
        <line num="35" type="method" name="searchUsersCount" crap="1" count="1"/>
        <line num="37" type="stmt" count="1"/>
        <line num="40" type="method" name="isUsernameAvaliable" crap="3.14" count="28"/>
        <line num="42" type="stmt" count="28"/>
        <line num="43" type="stmt" count="0"/>
        <line num="46" type="stmt" count="28"/>
        <line num="48" type="stmt" count="28"/>
        <line num="51" type="method" name="isEmailAvaliable" crap="3.14" count="28"/>
        <line num="53" type="stmt" count="28"/>
        <line num="54" type="stmt" count="0"/>
        <line num="57" type="stmt" count="28"/>
        <line num="58" type="stmt" count="28"/>
        <line num="61" type="method" name="isMobileAvaliable" crap="12" count="0"/>
        <line num="63" type="stmt" count="0"/>
        <line num="64" type="stmt" count="0"/>
        <line num="67" type="stmt" count="0"/>
        <line num="68" type="stmt" count="0"/>
        <line num="71" type="method" name="register" crap="5.05" count="28"/>
        <line num="73" type="stmt" count="28"/>
        <line num="75" type="stmt" count="28"/>
        <line num="77" type="stmt" count="28"/>
        <line num="79" type="stmt" count="28"/>
        <line num="81" type="stmt" count="28"/>
        <line num="82" type="stmt" count="28"/>
        <line num="84" type="stmt" count="28"/>
        <line num="85" type="stmt" count="0"/>
        <line num="86" type="stmt" count="0"/>
        <line num="87" type="stmt" count="28"/>
        <line num="90" type="stmt" count="28"/>
        <line num="91" type="stmt" count="28"/>
        <line num="92" type="stmt" count="28"/>
        <line num="94" type="stmt" count="28"/>
        <line num="96" type="stmt" count="28"/>
        <line num="98" type="stmt" count="28"/>
        <line num="101" type="method" name="vilidateUser" crap="9" count="28"/>
        <line num="102" type="stmt" count="2"/>
        <line num="103" type="stmt" count="28"/>
        <line num="104" type="stmt" count="1"/>
        <line num="107" type="stmt" count="28"/>
        <line num="108" type="stmt" count="2"/>
        <line num="111" type="stmt" count="28"/>
        <line num="112" type="stmt" count="1"/>
        <line num="115" type="stmt" count="28"/>
        <line num="116" type="stmt" count="1"/>
        <line num="119" type="stmt" count="28"/>
        <line num="120" type="stmt" count="1"/>
        <line num="123" type="stmt" count="28"/>
        <line num="124" type="stmt" count="1"/>
        <line num="126" type="stmt" count="28"/>
        <line num="128" type="method" name="verifyPassword" crap="2.06" count="1"/>
        <line num="130" type="stmt" count="1"/>
        <line num="132" type="stmt" count="1"/>
        <line num="133" type="stmt" count="0"/>
        <line num="136" type="stmt" count="1"/>
        <line num="139" type="method" name="verifyInSaltOut" crap="1" count="1"/>
        <line num="141" type="stmt" count="1"/>
        <line num="144" type="method" name="makeToken" crap="5.09" count="3"/>
        <line num="146" type="stmt" count="3"/>
        <line num="147" type="stmt" count="3"/>
        <line num="148" type="stmt" count="3"/>
        <line num="149" type="stmt" count="3"/>
        <line num="150" type="stmt" count="3"/>
        <line num="151" type="stmt" count="3"/>
        <line num="152" type="stmt" count="3"/>
        <line num="154" type="stmt" count="3"/>
        <line num="156" type="stmt" count="3"/>
        <line num="157" type="stmt" count="0"/>
        <line num="158" type="stmt" count="0"/>
        <line num="160" type="stmt" count="3"/>
        <line num="161" type="stmt" count="3"/>
        <line num="164" type="method" name="getToken" crap="6.05" count="2"/>
        <line num="166" type="stmt" count="2"/>
        <line num="167" type="stmt" count="2"/>
        <line num="168" type="stmt" count="2"/>
        <line num="170" type="stmt" count="2"/>
        <line num="171" type="stmt" count="1"/>
        <line num="174" type="stmt" count="1"/>
        <line num="175" type="stmt" count="0"/>
        <line num="178" type="stmt" count="1"/>
        <line num="179" type="stmt" count="1"/>
        <line num="182" type="method" name="searchTokenCount" crap="1" count="1"/>
        <line num="184" type="stmt" count="1"/>
        <line num="187" type="method" name="deleteToken" crap="3.07" count="1"/>
        <line num="189" type="stmt" count="1"/>
        <line num="191" type="stmt" count="1"/>
        <line num="192" type="stmt" count="0"/>
        <line num="195" type="stmt" count="1"/>
        <line num="196" type="stmt" count="1"/>
        <line num="199" type="method" name="markLoginInfo" crap="2.01" count="1"/>
        <line num="201" type="stmt" count="1"/>
        <line num="203" type="stmt" count="1"/>
        <line num="204" type="stmt" count="0"/>
        <line num="207" type="stmt" count="1"/>
        <line num="208" type="stmt" count="1"/>
        <line num="209" type="stmt" count="1"/>
        <line num="210" type="stmt" count="1"/>
        <line num="213" type="method" name="deleteOldTokens" crap="6" count="0"/>
        <line num="215" type="stmt" count="0"/>
        <line num="216" type="stmt" count="0"/>
        <line num="217" type="stmt" count="0"/>
        <line num="218" type="stmt" count="0"/>
        <line num="220" type="method" name="passwordEncode" crap="1" count="28"/>
        <line num="222" type="stmt" count="28"/>
        <line num="225" type="method" name="getUserDao" crap="1" count="28"/>
        <line num="227" type="stmt" count="28"/>
        <line num="230" type="method" name="getUserTokenDao" crap="1" count="3"/>
        <line num="232" type="stmt" count="3"/>
        <metrics loc="234" ncloc="232" classes="1" methods="20" coveredmethods="10" conditionals="0" coveredconditionals="0" statements="94" coveredstatements="76" elements="114" coveredelements="86"/>
      </file>
    </package>
    <file name="/var/www/zstu_xyb/src/Biz/User/Service/UserService.php">
      <metrics loc="36" ncloc="36" classes="0" methods="0" coveredmethods="0" conditionals="0" coveredconditionals="0" statements="0" coveredstatements="0" elements="0" coveredelements="0"/>
    </file>
    <metrics files="22" loc="1131" ncloc="1120" classes="17" methods="91" coveredmethods="40" conditionals="0" coveredconditionals="0" statements="384" coveredstatements="196" elements="475" coveredelements="236"/>
  </project>
</coverage>
